# JRE version: OpenJDK Runtime Environment (8.0_112-b06) (build 1.8.0_112-release-b06)
# Java VM: OpenJDK 64-Bit Server VM (25.112-b06 mixed mode windows-amd64 compressed oops)
Heap:
 PSYoungGen      total 147968K, used 107998K [0x00000000e0000000, 0x00000000eac00000, 0x0000000100000000)
  eden space 137216K, 70% used [0x00000000e0000000,0x00000000e5efa2e0,0x00000000e8600000)
  from space 10752K, 99% used [0x00000000e9480000,0x00000000e9efd810,0x00000000e9f00000)
  to   space 14848K, 0% used [0x00000000e8600000,0x00000000e8600000,0x00000000e9480000)
 ParOldGen       total 51200K, used 31540K [0x00000000a0000000, 0x00000000a3200000, 0x00000000e0000000)
  object space 51200K, 61% used [0x00000000a0000000,0x00000000a1ecd050,0x00000000a3200000)
 Metaspace       used 52910K, capacity 54618K, committed 54656K, reserved 1095680K
  class space    used 7139K, capacity 7522K, committed 7552K, reserved 1048576K
GC Heap History (10 events):
Event: 21.422 GC heap before
{Heap before GC invocations=12 (full 1):
 PSYoungGen      total 88064K, used 56444K [0x00000000e0000000, 0x00000000e6700000, 0x0000000100000000)
  eden space 79872K, 63% used [0x00000000e0000000,0x00000000e3124618,0x00000000e4e00000)
  from space 8192K, 74% used [0x00000000e5600000,0x00000000e5bfaaf8,0x00000000e5e00000)
  to   space 8192K, 0% used [0x00000000e4e00000,0x00000000e4e00000,0x00000000e5600000)
 ParOldGen       total 33280K, used 11080K [0x00000000a0000000, 0x00000000a2080000, 0x00000000e0000000)
  object space 33280K, 33% used [0x00000000a0000000,0x00000000a0ad2250,0x00000000a2080000)
 Metaspace       used 34775K, capacity 35376K, committed 35496K, reserved 1079296K
  class space    used 4628K, capacity 4824K, committed 4864K, reserved 1048576K
Event: 21.454 GC heap after
Heap after GC invocations=12 (full 1):
 PSYoungGen      total 88064K, used 4051K [0x00000000e0000000, 0x00000000e7f80000, 0x0000000100000000)
  eden space 79872K, 0% used [0x00000000e0000000,0x00000000e0000000,0x00000000e4e00000)
  from space 8192K, 49% used [0x00000000e4e00000,0x00000000e51f4e28,0x00000000e5600000)
  to   space 8192K, 0% used [0x00000000e7780000,0x00000000e7780000,0x00000000e7f80000)
 ParOldGen       total 33280K, used 15073K [0x00000000a0000000, 0x00000000a2080000, 0x00000000e0000000)
  object space 33280K, 45% used [0x00000000a0000000,0x00000000a0eb86b0,0x00000000a2080000)
 Metaspace       used 34775K, capacity 35376K, committed 35496K, reserved 1079296K
  class space    used 4628K, capacity 4824K, committed 4864K, reserved 1048576K
}
Event: 21.454 GC heap before
{Heap before GC invocations=13 (full 2):
 PSYoungGen      total 88064K, used 4051K [0x00000000e0000000, 0x00000000e7f80000, 0x0000000100000000)
  eden space 79872K, 0% used [0x00000000e0000000,0x00000000e0000000,0x00000000e4e00000)
  from space 8192K, 49% used [0x00000000e4e00000,0x00000000e51f4e28,0x00000000e5600000)
  to   space 8192K, 0% used [0x00000000e7780000,0x00000000e7780000,0x00000000e7f80000)
 ParOldGen       total 33280K, used 15073K [0x00000000a0000000, 0x00000000a2080000, 0x00000000e0000000)
  object space 33280K, 45% used [0x00000000a0000000,0x00000000a0eb86b0,0x00000000a2080000)
 Metaspace       used 34775K, capacity 35376K, committed 35496K, reserved 1079296K
  class space    used 4628K, capacity 4824K, committed 4864K, reserved 1048576K
Event: 21.627 GC heap after
Heap after GC invocations=13 (full 2):
 PSYoungGen      total 88064K, used 0K [0x00000000e0000000, 0x00000000e7f80000, 0x0000000100000000)
  eden space 79872K, 0% used [0x00000000e0000000,0x00000000e0000000,0x00000000e4e00000)
  from space 8192K, 0% used [0x00000000e4e00000,0x00000000e4e00000,0x00000000e5600000)
  to   space 8192K, 0% used [0x00000000e7780000,0x00000000e7780000,0x00000000e7f80000)
 ParOldGen       total 51200K, used 16196K [0x00000000a0000000, 0x00000000a3200000, 0x00000000e0000000)
  object space 51200K, 31% used [0x00000000a0000000,0x00000000a0fd11a0,0x00000000a3200000)
 Metaspace       used 34775K, capacity 35376K, committed 35496K, reserved 1079296K
  class space    used 4628K, capacity 4824K, committed 4864K, reserved 1048576K
}
Event: 24.292 GC heap before
{Heap before GC invocations=14 (full 2):
 PSYoungGen      total 88064K, used 79872K [0x00000000e0000000, 0x00000000e7f80000, 0x0000000100000000)
  eden space 79872K, 100% used [0x00000000e0000000,0x00000000e4e00000,0x00000000e4e00000)
  from space 8192K, 0% used [0x00000000e4e00000,0x00000000e4e00000,0x00000000e5600000)
  to   space 8192K, 0% used [0x00000000e7780000,0x00000000e7780000,0x00000000e7f80000)
 ParOldGen       total 51200K, used 16196K [0x00000000a0000000, 0x00000000a3200000, 0x00000000e0000000)
  object space 51200K, 31% used [0x00000000a0000000,0x00000000a0fd11a0,0x00000000a3200000)
 Metaspace       used 42173K, capacity 42956K, committed 43264K, reserved 1087488K
  class space    used 5634K, capacity 5845K, committed 5888K, reserved 1048576K
Event: 24.323 GC heap after
Heap after GC invocations=14 (full 2):
 PSYoungGen      total 114176K, used 8185K [0x00000000e0000000, 0x00000000e7f80000, 0x0000000100000000)
  eden space 105984K, 0% used [0x00000000e0000000,0x00000000e0000000,0x00000000e6780000)
  from space 8192K, 99% used [0x00000000e7780000,0x00000000e7f7e760,0x00000000e7f80000)
  to   space 9728K, 0% used [0x00000000e6c80000,0x00000000e6c80000,0x00000000e7600000)
 ParOldGen       total 51200K, used 17393K [0x00000000a0000000, 0x00000000a3200000, 0x00000000e0000000)
  object space 51200K, 33% used [0x00000000a0000000,0x00000000a10fc5c8,0x00000000a3200000)
 Metaspace       used 42173K, capacity 42956K, committed 43264K, reserved 1087488K
  class space    used 5634K, capacity 5845K, committed 5888K, reserved 1048576K
}
Event: 27.517 GC heap before
{Heap before GC invocations=15 (full 2):
 PSYoungGen      total 114176K, used 114169K [0x00000000e0000000, 0x00000000e7f80000, 0x0000000100000000)
  eden space 105984K, 100% used [0x00000000e0000000,0x00000000e6780000,0x00000000e6780000)
  from space 8192K, 99% used [0x00000000e7780000,0x00000000e7f7e760,0x00000000e7f80000)
  to   space 9728K, 0% used [0x00000000e6c80000,0x00000000e6c80000,0x00000000e7600000)
 ParOldGen       total 51200K, used 17393K [0x00000000a0000000, 0x00000000a3200000, 0x00000000e0000000)
  object space 51200K, 33% used [0x00000000a0000000,0x00000000a10fc5c8,0x00000000a3200000)
 Metaspace       used 46605K, capacity 47910K, committed 48128K, reserved 1091584K
  class space    used 6285K, capacity 6578K, committed 6656K, reserved 1048576K
Event: 27.576 GC heap after
Heap after GC invocations=15 (full 2):
 PSYoungGen      total 120832K, used 9427K [0x00000000e0000000, 0x00000000e9f00000, 0x0000000100000000)
  eden space 111104K, 0% used [0x00000000e0000000,0x00000000e0000000,0x00000000e6c80000)
  from space 9728K, 96% used [0x00000000e6c80000,0x00000000e75b4d80,0x00000000e7600000)
  to   space 10752K, 0% used [0x00000000e9480000,0x00000000e9480000,0x00000000e9f00000)
 ParOldGen       total 51200K, used 23525K [0x00000000a0000000, 0x00000000a3200000, 0x00000000e0000000)
  object space 51200K, 45% used [0x00000000a0000000,0x00000000a16f9550,0x00000000a3200000)
 Metaspace       used 46605K, capacity 47910K, committed 48128K, reserved 1091584K
  class space    used 6285K, capacity 6578K, committed 6656K, reserved 1048576K
}
Event: 32.138 GC heap before
{Heap before GC invocations=16 (full 2):
 PSYoungGen      total 120832K, used 119592K [0x00000000e0000000, 0x00000000e9f00000, 0x0000000100000000)
  eden space 111104K, 99% used [0x00000000e0000000,0x00000000e6b95610,0x00000000e6c80000)
  from space 9728K, 96% used [0x00000000e6c80000,0x00000000e75b4d80,0x00000000e7600000)
  to   space 10752K, 0% used [0x00000000e9480000,0x00000000e9480000,0x00000000e9f00000)
 ParOldGen       total 51200K, used 23525K [0x00000000a0000000, 0x00000000a3200000, 0x00000000e0000000)
  object space 51200K, 45% used [0x00000000a0000000,0x00000000a16f9550,0x00000000a3200000)
 Metaspace       used 51265K, capacity 52822K, committed 53120K, reserved 1095680K
  class space    used 6890K, capacity 7216K, committed 7296K, reserved 1048576K
Event: 32.183 GC heap after
Heap after GC invocations=16 (full 2):
 PSYoungGen      total 147968K, used 10742K [0x00000000e0000000, 0x00000000eac00000, 0x0000000100000000)
  eden space 137216K, 0% used [0x00000000e0000000,0x00000000e0000000,0x00000000e8600000)
  from space 10752K, 99% used [0x00000000e9480000,0x00000000e9efd810,0x00000000e9f00000)
  to   space 14848K, 0% used [0x00000000e8600000,0x00000000e8600000,0x00000000e9480000)
 ParOldGen       total 51200K, used 31540K [0x00000000a0000000, 0x00000000a3200000, 0x00000000e0000000)
  object space 51200K, 61% used [0x00000000a0000000,0x00000000a1ecd050,0x00000000a3200000)
 Metaspace       used 51265K, capacity 52822K, committed 53120K, reserved 1095680K
  class space    used 6890K, capacity 7216K, committed 7296K, reserved 1048576K
}

