# JRE version: OpenJDK Runtime Environment (8.0_112-b06) (build 1.8.0_112-release-b06)
# Java VM: OpenJDK 64-Bit Server VM (25.112-b06 mixed mode windows-amd64 compressed oops)
Heap:
 PSYoungGen      total 71168K, used 36309K [0x00000000e0000000, 0x00000000e6d80000, 0x0000000100000000)
  eden space 61952K, 47% used [0x00000000e0000000,0x00000000e1c99440,0x00000000e3c80000)
  from space 9216K, 76% used [0x00000000e3c80000,0x00000000e435c098,0x00000000e4580000)
  to   space 9728K, 0% used [0x00000000e6400000,0x00000000e6400000,0x00000000e6d80000)
 ParOldGen       total 40960K, used 12221K [0x00000000a0000000, 0x00000000a2800000, 0x00000000e0000000)
  object space 40960K, 29% used [0x00000000a0000000,0x00000000a0bef410,0x00000000a2800000)
 Metaspace       used 28941K, capacity 29356K, committed 29696K, reserved 1075200K
  class space    used 3909K, capacity 4049K, committed 4096K, reserved 1048576K
GC Heap History (10 events):
Event: 10.101 GC heap before
{Heap before GC invocations=4 (full 0):
 PSYoungGen      total 35328K, used 35312K [0x00000000e0000000, 0x00000000e2500000, 0x0000000100000000)
  eden space 32768K, 100% used [0x00000000e0000000,0x00000000e2000000,0x00000000e2000000)
  from space 2560K, 99% used [0x00000000e2000000,0x00000000e227c010,0x00000000e2280000)
  to   space 2560K, 0% used [0x00000000e2280000,0x00000000e2280000,0x00000000e2500000)
 ParOldGen       total 44032K, used 4064K [0x00000000a0000000, 0x00000000a2b00000, 0x00000000e0000000)
  object space 44032K, 9% used [0x00000000a0000000,0x00000000a03f8058,0x00000000a2b00000)
 Metaspace       used 16522K, capacity 16844K, committed 17024K, reserved 1064960K
  class space    used 2281K, capacity 2385K, committed 2432K, reserved 1048576K
Event: 10.127 GC heap after
Heap after GC invocations=4 (full 0):
 PSYoungGen      total 35328K, used 2528K [0x00000000e0000000, 0x00000000e4500000, 0x0000000100000000)
  eden space 32768K, 0% used [0x00000000e0000000,0x00000000e0000000,0x00000000e2000000)
  from space 2560K, 98% used [0x00000000e2280000,0x00000000e24f8020,0x00000000e2500000)
  to   space 2560K, 0% used [0x00000000e2000000,0x00000000e2000000,0x00000000e2280000)
 ParOldGen       total 44032K, used 8333K [0x00000000a0000000, 0x00000000a2b00000, 0x00000000e0000000)
  object space 44032K, 18% used [0x00000000a0000000,0x00000000a08236b8,0x00000000a2b00000)
 Metaspace       used 16522K, capacity 16844K, committed 17024K, reserved 1064960K
  class space    used 2281K, capacity 2385K, committed 2432K, reserved 1048576K
}
Event: 11.620 GC heap before
{Heap before GC invocations=5 (full 0):
 PSYoungGen      total 35328K, used 25119K [0x00000000e0000000, 0x00000000e4500000, 0x0000000100000000)
  eden space 32768K, 68% used [0x00000000e0000000,0x00000000e160fe50,0x00000000e2000000)
  from space 2560K, 98% used [0x00000000e2280000,0x00000000e24f8020,0x00000000e2500000)
  to   space 2560K, 0% used [0x00000000e2000000,0x00000000e2000000,0x00000000e2280000)
 ParOldGen       total 44032K, used 8333K [0x00000000a0000000, 0x00000000a2b00000, 0x00000000e0000000)
  object space 44032K, 18% used [0x00000000a0000000,0x00000000a08236b8,0x00000000a2b00000)
 Metaspace       used 20793K, capacity 21112K, committed 21296K, reserved 1067008K
  class space    used 2767K, capacity 2869K, committed 2944K, reserved 1048576K
Event: 11.644 GC heap after
Heap after GC invocations=5 (full 0):
 PSYoungGen      total 35328K, used 2544K [0x00000000e0000000, 0x00000000e5300000, 0x0000000100000000)
  eden space 32768K, 0% used [0x00000000e0000000,0x00000000e0000000,0x00000000e2000000)
  from space 2560K, 99% used [0x00000000e2000000,0x00000000e227c010,0x00000000e2280000)
  to   space 9728K, 0% used [0x00000000e4980000,0x00000000e4980000,0x00000000e5300000)
 ParOldGen       total 44032K, used 13203K [0x00000000a0000000, 0x00000000a2b00000, 0x00000000e0000000)
  object space 44032K, 29% used [0x00000000a0000000,0x00000000a0ce4de8,0x00000000a2b00000)
 Metaspace       used 20793K, capacity 21112K, committed 21296K, reserved 1067008K
  class space    used 2767K, capacity 2869K, committed 2944K, reserved 1048576K
}
Event: 11.644 GC heap before
{Heap before GC invocations=6 (full 1):
 PSYoungGen      total 35328K, used 2544K [0x00000000e0000000, 0x00000000e5300000, 0x0000000100000000)
  eden space 32768K, 0% used [0x00000000e0000000,0x00000000e0000000,0x00000000e2000000)
  from space 2560K, 99% used [0x00000000e2000000,0x00000000e227c010,0x00000000e2280000)
  to   space 9728K, 0% used [0x00000000e4980000,0x00000000e4980000,0x00000000e5300000)
 ParOldGen       total 44032K, used 13203K [0x00000000a0000000, 0x00000000a2b00000, 0x00000000e0000000)
  object space 44032K, 29% used [0x00000000a0000000,0x00000000a0ce4de8,0x00000000a2b00000)
 Metaspace       used 20793K, capacity 21112K, committed 21296K, reserved 1067008K
  class space    used 2767K, capacity 2869K, committed 2944K, reserved 1048576K
Event: 11.720 GC heap after
Heap after GC invocations=6 (full 1):
 PSYoungGen      total 35328K, used 0K [0x00000000e0000000, 0x00000000e5300000, 0x0000000100000000)
  eden space 32768K, 0% used [0x00000000e0000000,0x00000000e0000000,0x00000000e2000000)
  from space 2560K, 0% used [0x00000000e2000000,0x00000000e2000000,0x00000000e2280000)
  to   space 9728K, 0% used [0x00000000e4980000,0x00000000e4980000,0x00000000e5300000)
 ParOldGen       total 40960K, used 12213K [0x00000000a0000000, 0x00000000a2800000, 0x00000000e0000000)
  object space 40960K, 29% used [0x00000000a0000000,0x00000000a0bed410,0x00000000a2800000)
 Metaspace       used 20793K, capacity 21112K, committed 21296K, reserved 1067008K
  class space    used 2767K, capacity 2869K, committed 2944K, reserved 1048576K
}
Event: 13.338 GC heap before
{Heap before GC invocations=7 (full 1):
 PSYoungGen      total 35328K, used 32768K [0x00000000e0000000, 0x00000000e5300000, 0x0000000100000000)
  eden space 32768K, 100% used [0x00000000e0000000,0x00000000e2000000,0x00000000e2000000)
  from space 2560K, 0% used [0x00000000e2000000,0x00000000e2000000,0x00000000e2280000)
  to   space 9728K, 0% used [0x00000000e4980000,0x00000000e4980000,0x00000000e5300000)
 ParOldGen       total 40960K, used 12213K [0x00000000a0000000, 0x00000000a2800000, 0x00000000e0000000)
  object space 40960K, 29% used [0x00000000a0000000,0x00000000a0bed410,0x00000000a2800000)
 Metaspace       used 23896K, capacity 24214K, committed 24320K, reserved 1071104K
  class space    used 3208K, capacity 3298K, committed 3328K, reserved 1048576K
Event: 13.359 GC heap after
Heap after GC invocations=7 (full 1):
 PSYoungGen      total 60416K, used 4637K [0x00000000e0000000, 0x00000000e4e80000, 0x0000000100000000)
  eden space 55296K, 0% used [0x00000000e0000000,0x00000000e0000000,0x00000000e3600000)
  from space 5120K, 90% used [0x00000000e4980000,0x00000000e4e07778,0x00000000e4e80000)
  to   space 9216K, 0% used [0x00000000e3c80000,0x00000000e3c80000,0x00000000e4580000)
 ParOldGen       total 40960K, used 12221K [0x00000000a0000000, 0x00000000a2800000, 0x00000000e0000000)
  object space 40960K, 29% used [0x00000000a0000000,0x00000000a0bef410,0x00000000a2800000)
 Metaspace       used 23896K, capacity 24214K, committed 24320K, reserved 1071104K
  class space    used 3208K, capacity 3298K, committed 3328K, reserved 1048576K
}
Event: 14.898 GC heap before
{Heap before GC invocations=8 (full 1):
 PSYoungGen      total 60416K, used 59933K [0x00000000e0000000, 0x00000000e4e80000, 0x0000000100000000)
  eden space 55296K, 100% used [0x00000000e0000000,0x00000000e3600000,0x00000000e3600000)
  from space 5120K, 90% used [0x00000000e4980000,0x00000000e4e07778,0x00000000e4e80000)
  to   space 9216K, 0% used [0x00000000e3c80000,0x00000000e3c80000,0x00000000e4580000)
 ParOldGen       total 40960K, used 12221K [0x00000000a0000000, 0x00000000a2800000, 0x00000000e0000000)
  object space 40960K, 29% used [0x00000000a0000000,0x00000000a0bef410,0x00000000a2800000)
 Metaspace       used 28669K, capacity 29164K, committed 29440K, reserved 1075200K
  class space    used 3904K, capacity 4049K, committed 4096K, reserved 1048576K
Event: 14.919 GC heap after
Heap after GC invocations=8 (full 1):
 PSYoungGen      total 71168K, used 7024K [0x00000000e0000000, 0x00000000e6d80000, 0x0000000100000000)
  eden space 61952K, 0% used [0x00000000e0000000,0x00000000e0000000,0x00000000e3c80000)
  from space 9216K, 76% used [0x00000000e3c80000,0x00000000e435c098,0x00000000e4580000)
  to   space 9728K, 0% used [0x00000000e6400000,0x00000000e6400000,0x00000000e6d80000)
 ParOldGen       total 40960K, used 12221K [0x00000000a0000000, 0x00000000a2800000, 0x00000000e0000000)
  object space 40960K, 29% used [0x00000000a0000000,0x00000000a0bef410,0x00000000a2800000)
 Metaspace       used 28669K, capacity 29164K, committed 29440K, reserved 1075200K
  class space    used 3904K, capacity 4049K, committed 4096K, reserved 1048576K
}

