# JRE version: OpenJDK Runtime Environment (8.0_112-b06) (build 1.8.0_112-release-b06)
# Java VM: OpenJDK 64-Bit Server VM (25.112-b06 mixed mode windows-amd64 compressed oops)
Heap:
 PSYoungGen      total 242688K, used 6819K [0x00000000e0000000, 0x00000000f0e80000, 0x0000000100000000)
  eden space 226816K, 3% used [0x00000000e0000000,0x00000000e06a8cb0,0x00000000edd80000)
  from space 15872K, 0% used [0x00000000ef380000,0x00000000ef380000,0x00000000f0300000)
  to   space 22528K, 0% used [0x00000000edd80000,0x00000000edd80000,0x00000000ef380000)
 ParOldGen       total 92672K, used 40249K [0x00000000a0000000, 0x00000000a5a80000, 0x00000000e0000000)
  object space 92672K, 43% used [0x00000000a0000000,0x00000000a274e748,0x00000000a5a80000)
 Metaspace       used 57910K, capacity 59500K, committed 59776K, reserved 1101824K
  class space    used 7670K, capacity 8005K, committed 8064K, reserved 1048576K
GC Heap History (10 events):
Event: 20.871 GC heap before
{Heap before GC invocations=9 (full 1):
 PSYoungGen      total 138752K, used 40901K [0x00000000e0000000, 0x00000000ec200000, 0x0000000100000000)
  eden space 128512K, 23% used [0x00000000e0000000,0x00000000e1df1d78,0x00000000e7d80000)
  from space 10240K, 99% used [0x00000000e7d80000,0x00000000e877f7b0,0x00000000e8780000)
  to   space 12800K, 0% used [0x00000000eb580000,0x00000000eb580000,0x00000000ec200000)
 ParOldGen       total 38912K, used 10709K [0x00000000a0000000, 0x00000000a2600000, 0x00000000e0000000)
  object space 38912K, 27% used [0x00000000a0000000,0x00000000a0a755d0,0x00000000a2600000)
 Metaspace       used 34780K, capacity 35376K, committed 35496K, reserved 1079296K
  class space    used 4634K, capacity 4824K, committed 4864K, reserved 1048576K
Event: 20.892 GC heap after
Heap after GC invocations=9 (full 1):
 PSYoungGen      total 185856K, used 7948K [0x00000000e0000000, 0x00000000eed80000, 0x0000000100000000)
  eden space 173056K, 0% used [0x00000000e0000000,0x00000000e0000000,0x00000000ea900000)
  from space 12800K, 62% used [0x00000000eb580000,0x00000000ebd433e8,0x00000000ec200000)
  to   space 12800K, 0% used [0x00000000ea900000,0x00000000ea900000,0x00000000eb580000)
 ParOldGen       total 38912K, used 10717K [0x00000000a0000000, 0x00000000a2600000, 0x00000000e0000000)
  object space 38912K, 27% used [0x00000000a0000000,0x00000000a0a775d0,0x00000000a2600000)
 Metaspace       used 34780K, capacity 35376K, committed 35496K, reserved 1079296K
  class space    used 4634K, capacity 4824K, committed 4864K, reserved 1048576K
}
Event: 20.892 GC heap before
{Heap before GC invocations=10 (full 2):
 PSYoungGen      total 185856K, used 7948K [0x00000000e0000000, 0x00000000eed80000, 0x0000000100000000)
  eden space 173056K, 0% used [0x00000000e0000000,0x00000000e0000000,0x00000000ea900000)
  from space 12800K, 62% used [0x00000000eb580000,0x00000000ebd433e8,0x00000000ec200000)
  to   space 12800K, 0% used [0x00000000ea900000,0x00000000ea900000,0x00000000eb580000)
 ParOldGen       total 38912K, used 10717K [0x00000000a0000000, 0x00000000a2600000, 0x00000000e0000000)
  object space 38912K, 27% used [0x00000000a0000000,0x00000000a0a775d0,0x00000000a2600000)
 Metaspace       used 34780K, capacity 35376K, committed 35496K, reserved 1079296K
  class space    used 4634K, capacity 4824K, committed 4864K, reserved 1048576K
Event: 21.022 GC heap after
Heap after GC invocations=10 (full 2):
 PSYoungGen      total 185856K, used 0K [0x00000000e0000000, 0x00000000eed80000, 0x0000000100000000)
  eden space 173056K, 0% used [0x00000000e0000000,0x00000000e0000000,0x00000000ea900000)
  from space 12800K, 0% used [0x00000000eb580000,0x00000000eb580000,0x00000000ec200000)
  to   space 12800K, 0% used [0x00000000ea900000,0x00000000ea900000,0x00000000eb580000)
 ParOldGen       total 52736K, used 14388K [0x00000000a0000000, 0x00000000a3380000, 0x00000000e0000000)
  object space 52736K, 27% used [0x00000000a0000000,0x00000000a0e0d230,0x00000000a3380000)
 Metaspace       used 34780K, capacity 35376K, committed 35496K, reserved 1079296K
  class space    used 4634K, capacity 4824K, committed 4864K, reserved 1048576K
}
Event: 25.724 GC heap before
{Heap before GC invocations=11 (full 2):
 PSYoungGen      total 185856K, used 173056K [0x00000000e0000000, 0x00000000eed80000, 0x0000000100000000)
  eden space 173056K, 100% used [0x00000000e0000000,0x00000000ea900000,0x00000000ea900000)
  from space 12800K, 0% used [0x00000000eb580000,0x00000000eb580000,0x00000000ec200000)
  to   space 12800K, 0% used [0x00000000ea900000,0x00000000ea900000,0x00000000eb580000)
 ParOldGen       total 52736K, used 14388K [0x00000000a0000000, 0x00000000a3380000, 0x00000000e0000000)
  object space 52736K, 27% used [0x00000000a0000000,0x00000000a0e0d230,0x00000000a3380000)
 Metaspace       used 45693K, capacity 46924K, committed 47232K, reserved 1089536K
  class space    used 6144K, capacity 6445K, committed 6528K, reserved 1048576K
Event: 25.772 GC heap after
Heap after GC invocations=11 (full 2):
 PSYoungGen      total 185856K, used 12794K [0x00000000e0000000, 0x00000000f0300000, 0x0000000100000000)
  eden space 173056K, 0% used [0x00000000e0000000,0x00000000e0000000,0x00000000ea900000)
  from space 12800K, 99% used [0x00000000ea900000,0x00000000eb57e918,0x00000000eb580000)
  to   space 15872K, 0% used [0x00000000ef380000,0x00000000ef380000,0x00000000f0300000)
 ParOldGen       total 52736K, used 18279K [0x00000000a0000000, 0x00000000a3380000, 0x00000000e0000000)
  object space 52736K, 34% used [0x00000000a0000000,0x00000000a11d9f00,0x00000000a3380000)
 Metaspace       used 45693K, capacity 46924K, committed 47232K, reserved 1089536K
  class space    used 6144K, capacity 6445K, committed 6528K, reserved 1048576K
}
Event: 32.918 GC heap before
{Heap before GC invocations=12 (full 2):
 PSYoungGen      total 185856K, used 169528K [0x00000000e0000000, 0x00000000f0300000, 0x0000000100000000)
  eden space 173056K, 90% used [0x00000000e0000000,0x00000000e990f998,0x00000000ea900000)
  from space 12800K, 99% used [0x00000000ea900000,0x00000000eb57e918,0x00000000eb580000)
  to   space 15872K, 0% used [0x00000000ef380000,0x00000000ef380000,0x00000000f0300000)
 ParOldGen       total 52736K, used 18279K [0x00000000a0000000, 0x00000000a3380000, 0x00000000e0000000)
  object space 52736K, 34% used [0x00000000a0000000,0x00000000a11d9f00,0x00000000a3380000)
 Metaspace       used 57460K, capacity 59020K, committed 59160K, reserved 1099776K
  class space    used 7629K, capacity 7973K, committed 8064K, reserved 1048576K
Event: 33.014 GC heap after
Heap after GC invocations=12 (full 2):
 PSYoungGen      total 242688K, used 15859K [0x00000000e0000000, 0x00000000f0e80000, 0x0000000100000000)
  eden space 226816K, 0% used [0x00000000e0000000,0x00000000e0000000,0x00000000edd80000)
  from space 15872K, 99% used [0x00000000ef380000,0x00000000f02fcc90,0x00000000f0300000)
  to   space 22528K, 0% used [0x00000000edd80000,0x00000000edd80000,0x00000000ef380000)
 ParOldGen       total 52736K, used 29363K [0x00000000a0000000, 0x00000000a3380000, 0x00000000e0000000)
  object space 52736K, 55% used [0x00000000a0000000,0x00000000a1cacc68,0x00000000a3380000)
 Metaspace       used 57460K, capacity 59020K, committed 59160K, reserved 1099776K
  class space    used 7629K, capacity 7973K, committed 8064K, reserved 1048576K
}
Event: 33.014 GC heap before
{Heap before GC invocations=13 (full 3):
 PSYoungGen      total 242688K, used 15859K [0x00000000e0000000, 0x00000000f0e80000, 0x0000000100000000)
  eden space 226816K, 0% used [0x00000000e0000000,0x00000000e0000000,0x00000000edd80000)
  from space 15872K, 99% used [0x00000000ef380000,0x00000000f02fcc90,0x00000000f0300000)
  to   space 22528K, 0% used [0x00000000edd80000,0x00000000edd80000,0x00000000ef380000)
 ParOldGen       total 52736K, used 29363K [0x00000000a0000000, 0x00000000a3380000, 0x00000000e0000000)
  object space 52736K, 55% used [0x00000000a0000000,0x00000000a1cacc68,0x00000000a3380000)
 Metaspace       used 57460K, capacity 59020K, committed 59160K, reserved 1099776K
  class space    used 7629K, capacity 7973K, committed 8064K, reserved 1048576K
Event: 33.480 GC heap after
Heap after GC invocations=13 (full 3):
 PSYoungGen      total 242688K, used 0K [0x00000000e0000000, 0x00000000f0e80000, 0x0000000100000000)
  eden space 226816K, 0% used [0x00000000e0000000,0x00000000e0000000,0x00000000edd80000)
  from space 15872K, 0% used [0x00000000ef380000,0x00000000ef380000,0x00000000f0300000)
  to   space 22528K, 0% used [0x00000000edd80000,0x00000000edd80000,0x00000000ef380000)
 ParOldGen       total 92672K, used 40249K [0x00000000a0000000, 0x00000000a5a80000, 0x00000000e0000000)
  object space 92672K, 43% used [0x00000000a0000000,0x00000000a274e748,0x00000000a5a80000)
 Metaspace       used 57460K, capacity 59020K, committed 59160K, reserved 1099776K
  class space    used 7629K, capacity 7973K, committed 8064K, reserved 1048576K
}

