# JRE version: OpenJDK Runtime Environment (8.0_112-b06) (build 1.8.0_112-release-b06)
# Java VM: OpenJDK 64-Bit Server VM (25.112-b06 mixed mode windows-amd64 compressed oops)
Heap:
 PSYoungGen      total 385536K, used 278466K [0x00000000e0000000, 0x00000000f9580000, 0x0000000100000000)
  eden space 371200K, 71% used [0x00000000e0000000,0x00000000f04cd450,0x00000000f6a80000)
  from space 14336K, 79% used [0x00000000f8780000,0x00000000f92a3728,0x00000000f9580000)
  to   space 22016K, 0% used [0x00000000f6a80000,0x00000000f6a80000,0x00000000f8000000)
 ParOldGen       total 94720K, used 49998K [0x00000000a0000000, 0x00000000a5c80000, 0x00000000e0000000)
  object space 94720K, 52% used [0x00000000a0000000,0x00000000a30d39e0,0x00000000a5c80000)
 Metaspace       used 68915K, capacity 71836K, committed 72064K, reserved 1112064K
  class space    used 8911K, capacity 9487K, committed 9600K, reserved 1048576K
GC Heap History (10 events):
Event: 27.327 GC heap before
{Heap before GC invocations=11 (full 2):
 PSYoungGen      total 197632K, used 184832K [0x00000000e0000000, 0x00000000f0380000, 0x0000000100000000)
  eden space 184832K, 100% used [0x00000000e0000000,0x00000000eb480000,0x00000000eb480000)
  from space 12800K, 0% used [0x00000000ec080000,0x00000000ec080000,0x00000000ecd00000)
  to   space 12288K, 0% used [0x00000000eb480000,0x00000000eb480000,0x00000000ec080000)
 ParOldGen       total 45568K, used 14020K [0x00000000a0000000, 0x00000000a2c80000, 0x00000000e0000000)
  object space 45568K, 30% used [0x00000000a0000000,0x00000000a0db1168,0x00000000a2c80000)
 Metaspace       used 45286K, capacity 46462K, committed 46592K, reserved 1089536K
  class space    used 6065K, capacity 6357K, committed 6400K, reserved 1048576K
Event: 27.395 GC heap after
Heap after GC invocations=11 (full 2):
 PSYoungGen      total 197120K, used 12268K [0x00000000e0000000, 0x00000000f2780000, 0x0000000100000000)
  eden space 184832K, 0% used [0x00000000e0000000,0x00000000e0000000,0x00000000eb480000)
  from space 12288K, 99% used [0x00000000eb480000,0x00000000ec07b2e0,0x00000000ec080000)
  to   space 15360K, 0% used [0x00000000f1880000,0x00000000f1880000,0x00000000f2780000)
 ParOldGen       total 45568K, used 17726K [0x00000000a0000000, 0x00000000a2c80000, 0x00000000e0000000)
  object space 45568K, 38% used [0x00000000a0000000,0x00000000a114f990,0x00000000a2c80000)
 Metaspace       used 45286K, capacity 46462K, committed 46592K, reserved 1089536K
  class space    used 6065K, capacity 6357K, committed 6400K, reserved 1048576K
}
Event: 32.694 GC heap before
{Heap before GC invocations=12 (full 2):
 PSYoungGen      total 197120K, used 197100K [0x00000000e0000000, 0x00000000f2780000, 0x0000000100000000)
  eden space 184832K, 100% used [0x00000000e0000000,0x00000000eb480000,0x00000000eb480000)
  from space 12288K, 99% used [0x00000000eb480000,0x00000000ec07b2e0,0x00000000ec080000)
  to   space 15360K, 0% used [0x00000000f1880000,0x00000000f1880000,0x00000000f2780000)
 ParOldGen       total 45568K, used 17726K [0x00000000a0000000, 0x00000000a2c80000, 0x00000000e0000000)
  object space 45568K, 38% used [0x00000000a0000000,0x00000000a114f990,0x00000000a2c80000)
 Metaspace       used 51817K, capacity 54042K, committed 54272K, reserved 1095680K
  class space    used 7157K, capacity 7646K, committed 7680K, reserved 1048576K
Event: 32.871 GC heap after
Heap after GC invocations=12 (full 2):
 PSYoungGen      total 279040K, used 15343K [0x00000000e0000000, 0x00000000f3680000, 0x0000000100000000)
  eden space 263680K, 0% used [0x00000000e0000000,0x00000000e0000000,0x00000000f0180000)
  from space 15360K, 99% used [0x00000000f1880000,0x00000000f277be48,0x00000000f2780000)
  to   space 23552K, 0% used [0x00000000f0180000,0x00000000f0180000,0x00000000f1880000)
 ParOldGen       total 45568K, used 34116K [0x00000000a0000000, 0x00000000a2c80000, 0x00000000e0000000)
  object space 45568K, 74% used [0x00000000a0000000,0x00000000a2151158,0x00000000a2c80000)
 Metaspace       used 51817K, capacity 54042K, committed 54272K, reserved 1095680K
  class space    used 7157K, capacity 7646K, committed 7680K, reserved 1048576K
}
Event: 91.649 GC heap before
{Heap before GC invocations=13 (full 2):
 PSYoungGen      total 279040K, used 140242K [0x00000000e0000000, 0x00000000f3680000, 0x0000000100000000)
  eden space 263680K, 47% used [0x00000000e0000000,0x00000000e79f8ad0,0x00000000f0180000)
  from space 15360K, 99% used [0x00000000f1880000,0x00000000f277be48,0x00000000f2780000)
  to   space 23552K, 0% used [0x00000000f0180000,0x00000000f0180000,0x00000000f1880000)
 ParOldGen       total 45568K, used 34116K [0x00000000a0000000, 0x00000000a2c80000, 0x00000000e0000000)
  object space 45568K, 74% used [0x00000000a0000000,0x00000000a2151158,0x00000000a2c80000)
 Metaspace       used 56718K, capacity 59068K, committed 59136K, reserved 1099776K
  class space    used 7650K, capacity 8161K, committed 8192K, reserved 1048576K
Event: 91.744 GC heap after
Heap after GC invocations=13 (full 2):
 PSYoungGen      total 287232K, used 9465K [0x00000000e0000000, 0x00000000f9d80000, 0x0000000100000000)
  eden space 263680K, 0% used [0x00000000e0000000,0x00000000e0000000,0x00000000f0180000)
  from space 23552K, 40% used [0x00000000f0180000,0x00000000f0abe6b8,0x00000000f1880000)
  to   space 22528K, 0% used [0x00000000f8780000,0x00000000f8780000,0x00000000f9d80000)
 ParOldGen       total 50176K, used 49362K [0x00000000a0000000, 0x00000000a3100000, 0x00000000e0000000)
  object space 50176K, 98% used [0x00000000a0000000,0x00000000a3034868,0x00000000a3100000)
 Metaspace       used 56718K, capacity 59068K, committed 59136K, reserved 1099776K
  class space    used 7650K, capacity 8161K, committed 8192K, reserved 1048576K
}
Event: 91.744 GC heap before
{Heap before GC invocations=14 (full 3):
 PSYoungGen      total 287232K, used 9465K [0x00000000e0000000, 0x00000000f9d80000, 0x0000000100000000)
  eden space 263680K, 0% used [0x00000000e0000000,0x00000000e0000000,0x00000000f0180000)
  from space 23552K, 40% used [0x00000000f0180000,0x00000000f0abe6b8,0x00000000f1880000)
  to   space 22528K, 0% used [0x00000000f8780000,0x00000000f8780000,0x00000000f9d80000)
 ParOldGen       total 50176K, used 49362K [0x00000000a0000000, 0x00000000a3100000, 0x00000000e0000000)
  object space 50176K, 98% used [0x00000000a0000000,0x00000000a3034868,0x00000000a3100000)
 Metaspace       used 56718K, capacity 59068K, committed 59136K, reserved 1099776K
  class space    used 7650K, capacity 8161K, committed 8192K, reserved 1048576K
Event: 92.346 GC heap after
Heap after GC invocations=14 (full 3):
 PSYoungGen      total 287232K, used 0K [0x00000000e0000000, 0x00000000f9d80000, 0x0000000100000000)
  eden space 263680K, 0% used [0x00000000e0000000,0x00000000e0000000,0x00000000f0180000)
  from space 23552K, 0% used [0x00000000f0180000,0x00000000f0180000,0x00000000f1880000)
  to   space 22528K, 0% used [0x00000000f8780000,0x00000000f8780000,0x00000000f9d80000)
 ParOldGen       total 94720K, used 49990K [0x00000000a0000000, 0x00000000a5c80000, 0x00000000e0000000)
  object space 94720K, 52% used [0x00000000a0000000,0x00000000a30d19e0,0x00000000a5c80000)
 Metaspace       used 56718K, capacity 59068K, committed 59136K, reserved 1099776K
  class space    used 7650K, capacity 8161K, committed 8192K, reserved 1048576K
}
Event: 1775.789 GC heap before
{Heap before GC invocations=15 (full 3):
 PSYoungGen      total 287232K, used 263680K [0x00000000e0000000, 0x00000000f9d80000, 0x0000000100000000)
  eden space 263680K, 100% used [0x00000000e0000000,0x00000000f0180000,0x00000000f0180000)
  from space 23552K, 0% used [0x00000000f0180000,0x00000000f0180000,0x00000000f1880000)
  to   space 22528K, 0% used [0x00000000f8780000,0x00000000f8780000,0x00000000f9d80000)
 ParOldGen       total 94720K, used 49990K [0x00000000a0000000, 0x00000000a5c80000, 0x00000000e0000000)
  object space 94720K, 52% used [0x00000000a0000000,0x00000000a30d19e0,0x00000000a5c80000)
 Metaspace       used 58897K, capacity 61744K, committed 61952K, reserved 1103872K
  class space    used 7852K, capacity 8387K, committed 8448K, reserved 1048576K
Event: 1775.857 GC heap after
Heap after GC invocations=15 (full 3):
 PSYoungGen      total 385536K, used 11405K [0x00000000e0000000, 0x00000000f9580000, 0x0000000100000000)
  eden space 371200K, 0% used [0x00000000e0000000,0x00000000e0000000,0x00000000f6a80000)
  from space 14336K, 79% used [0x00000000f8780000,0x00000000f92a3728,0x00000000f9580000)
  to   space 22016K, 0% used [0x00000000f6a80000,0x00000000f6a80000,0x00000000f8000000)
 ParOldGen       total 94720K, used 49998K [0x00000000a0000000, 0x00000000a5c80000, 0x00000000e0000000)
  object space 94720K, 52% used [0x00000000a0000000,0x00000000a30d39e0,0x00000000a5c80000)
 Metaspace       used 58897K, capacity 61744K, committed 61952K, reserved 1103872K
  class space    used 7852K, capacity 8387K, committed 8448K, reserved 1048576K
}

