# JRE version: OpenJDK Runtime Environment (8.0_112-b06) (build 1.8.0_112-release-b06)
# Java VM: OpenJDK 64-Bit Server VM (25.112-b06 mixed mode windows-amd64 compressed oops)
Heap:
 PSYoungGen      total 150528K, used 39664K [0x00000000e0000000, 0x00000000ecb80000, 0x0000000100000000)
  eden space 133632K, 29% used [0x00000000e0000000,0x00000000e26bc180,0x00000000e8280000)
  from space 16896K, 0% used [0x00000000e8280000,0x00000000e8280000,0x00000000e9300000)
  to   space 17408K, 0% used [0x00000000eba80000,0x00000000eba80000,0x00000000ecb80000)
 ParOldGen       total 88576K, used 36166K [0x00000000a0000000, 0x00000000a5680000, 0x00000000e0000000)
  object space 88576K, 40% used [0x00000000a0000000,0x00000000a2351bc8,0x00000000a5680000)
 Metaspace       used 59134K, capacity 60810K, committed 61184K, reserved 1101824K
  class space    used 7721K, capacity 8072K, committed 8192K, reserved 1048576K
GC Heap History (10 events):
Event: 20.199 GC heap before
{Heap before GC invocations=14 (full 2):
 PSYoungGen      total 88576K, used 79872K [0x00000000e0000000, 0x00000000e7e00000, 0x0000000100000000)
  eden space 79872K, 100% used [0x00000000e0000000,0x00000000e4e00000,0x00000000e4e00000)
  from space 8704K, 0% used [0x00000000e4e00000,0x00000000e4e00000,0x00000000e5680000)
  to   space 8192K, 0% used [0x00000000e7600000,0x00000000e7600000,0x00000000e7e00000)
 ParOldGen       total 51200K, used 16049K [0x00000000a0000000, 0x00000000a3200000, 0x00000000e0000000)
  object space 51200K, 31% used [0x00000000a0000000,0x00000000a0fac4e8,0x00000000a3200000)
 Metaspace       used 42154K, capacity 42896K, committed 43008K, reserved 1087488K
  class space    used 5646K, capacity 5845K, committed 5888K, reserved 1048576K
Event: 20.224 GC heap after
Heap after GC invocations=14 (full 2):
 PSYoungGen      total 113664K, used 8174K [0x00000000e0000000, 0x00000000e7e00000, 0x0000000100000000)
  eden space 105472K, 0% used [0x00000000e0000000,0x00000000e0000000,0x00000000e6700000)
  from space 8192K, 99% used [0x00000000e7600000,0x00000000e7dfba38,0x00000000e7e00000)
  to   space 9728K, 0% used [0x00000000e6b00000,0x00000000e6b00000,0x00000000e7480000)
 ParOldGen       total 51200K, used 17220K [0x00000000a0000000, 0x00000000a3200000, 0x00000000e0000000)
  object space 51200K, 33% used [0x00000000a0000000,0x00000000a10d12d8,0x00000000a3200000)
 Metaspace       used 42154K, capacity 42896K, committed 43008K, reserved 1087488K
  class space    used 5646K, capacity 5845K, committed 5888K, reserved 1048576K
}
Event: 23.501 GC heap before
{Heap before GC invocations=15 (full 2):
 PSYoungGen      total 113664K, used 113646K [0x00000000e0000000, 0x00000000e7e00000, 0x0000000100000000)
  eden space 105472K, 100% used [0x00000000e0000000,0x00000000e6700000,0x00000000e6700000)
  from space 8192K, 99% used [0x00000000e7600000,0x00000000e7dfba38,0x00000000e7e00000)
  to   space 9728K, 0% used [0x00000000e6b00000,0x00000000e6b00000,0x00000000e7480000)
 ParOldGen       total 51200K, used 17220K [0x00000000a0000000, 0x00000000a3200000, 0x00000000e0000000)
  object space 51200K, 33% used [0x00000000a0000000,0x00000000a10d12d8,0x00000000a3200000)
 Metaspace       used 46441K, capacity 47812K, committed 48128K, reserved 1091584K
  class space    used 6265K, capacity 6609K, committed 6656K, reserved 1048576K
Event: 23.560 GC heap after
Heap after GC invocations=15 (full 2):
 PSYoungGen      total 119296K, used 9369K [0x00000000e0000000, 0x00000000e9d80000, 0x0000000100000000)
  eden space 109568K, 0% used [0x00000000e0000000,0x00000000e0000000,0x00000000e6b00000)
  from space 9728K, 96% used [0x00000000e6b00000,0x00000000e7426540,0x00000000e7480000)
  to   space 10752K, 0% used [0x00000000e9300000,0x00000000e9300000,0x00000000e9d80000)
 ParOldGen       total 51200K, used 23360K [0x00000000a0000000, 0x00000000a3200000, 0x00000000e0000000)
  object space 51200K, 45% used [0x00000000a0000000,0x00000000a16d0260,0x00000000a3200000)
 Metaspace       used 46441K, capacity 47812K, committed 48128K, reserved 1091584K
  class space    used 6265K, capacity 6609K, committed 6656K, reserved 1048576K
}
Event: 33.771 GC heap before
{Heap before GC invocations=16 (full 2):
 PSYoungGen      total 119296K, used 118937K [0x00000000e0000000, 0x00000000e9d80000, 0x0000000100000000)
  eden space 109568K, 100% used [0x00000000e0000000,0x00000000e6b00000,0x00000000e6b00000)
  from space 9728K, 96% used [0x00000000e6b00000,0x00000000e7426540,0x00000000e7480000)
  to   space 10752K, 0% used [0x00000000e9300000,0x00000000e9300000,0x00000000e9d80000)
 ParOldGen       total 51200K, used 23360K [0x00000000a0000000, 0x00000000a3200000, 0x00000000e0000000)
  object space 51200K, 45% used [0x00000000a0000000,0x00000000a16d0260,0x00000000a3200000)
 Metaspace       used 54423K, capacity 55918K, committed 56064K, reserved 1097728K
  class space    used 7322K, capacity 7672K, committed 7680K, reserved 1048576K
Event: 33.924 GC heap after
Heap after GC invocations=16 (full 2):
 PSYoungGen      total 144384K, used 10748K [0x00000000e0000000, 0x00000000eae80000, 0x0000000100000000)
  eden space 133632K, 0% used [0x00000000e0000000,0x00000000e0000000,0x00000000e8280000)
  from space 10752K, 99% used [0x00000000e9300000,0x00000000e9d7f208,0x00000000e9d80000)
  to   space 16896K, 0% used [0x00000000e8280000,0x00000000e8280000,0x00000000e9300000)
 ParOldGen       total 51200K, used 36260K [0x00000000a0000000, 0x00000000a3200000, 0x00000000e0000000)
  object space 51200K, 70% used [0x00000000a0000000,0x00000000a2369280,0x00000000a3200000)
 Metaspace       used 54423K, capacity 55918K, committed 56064K, reserved 1097728K
  class space    used 7322K, capacity 7672K, committed 7680K, reserved 1048576K
}
Event: 42.120 GC heap before
{Heap before GC invocations=17 (full 2):
 PSYoungGen      total 144384K, used 71568K [0x00000000e0000000, 0x00000000eae80000, 0x0000000100000000)
  eden space 133632K, 45% used [0x00000000e0000000,0x00000000e3b65010,0x00000000e8280000)
  from space 10752K, 99% used [0x00000000e9300000,0x00000000e9d7f208,0x00000000e9d80000)
  to   space 16896K, 0% used [0x00000000e8280000,0x00000000e8280000,0x00000000e9300000)
 ParOldGen       total 51200K, used 36260K [0x00000000a0000000, 0x00000000a3200000, 0x00000000e0000000)
  object space 51200K, 70% used [0x00000000a0000000,0x00000000a2369280,0x00000000a3200000)
 Metaspace       used 57210K, capacity 58876K, committed 59136K, reserved 1099776K
  class space    used 7582K, capacity 7915K, committed 7936K, reserved 1048576K
Event: 42.191 GC heap after
Heap after GC invocations=17 (full 2):
 PSYoungGen      total 150528K, used 10709K [0x00000000e0000000, 0x00000000ecb80000, 0x0000000100000000)
  eden space 133632K, 0% used [0x00000000e0000000,0x00000000e0000000,0x00000000e8280000)
  from space 16896K, 63% used [0x00000000e8280000,0x00000000e8cf57d0,0x00000000e9300000)
  to   space 17408K, 0% used [0x00000000eba80000,0x00000000eba80000,0x00000000ecb80000)
 ParOldGen       total 51200K, used 44920K [0x00000000a0000000, 0x00000000a3200000, 0x00000000e0000000)
  object space 51200K, 87% used [0x00000000a0000000,0x00000000a2bde0e8,0x00000000a3200000)
 Metaspace       used 57210K, capacity 58876K, committed 59136K, reserved 1099776K
  class space    used 7582K, capacity 7915K, committed 7936K, reserved 1048576K
}
Event: 42.191 GC heap before
{Heap before GC invocations=18 (full 3):
 PSYoungGen      total 150528K, used 10709K [0x00000000e0000000, 0x00000000ecb80000, 0x0000000100000000)
  eden space 133632K, 0% used [0x00000000e0000000,0x00000000e0000000,0x00000000e8280000)
  from space 16896K, 63% used [0x00000000e8280000,0x00000000e8cf57d0,0x00000000e9300000)
  to   space 17408K, 0% used [0x00000000eba80000,0x00000000eba80000,0x00000000ecb80000)
 ParOldGen       total 51200K, used 44920K [0x00000000a0000000, 0x00000000a3200000, 0x00000000e0000000)
  object space 51200K, 87% used [0x00000000a0000000,0x00000000a2bde0e8,0x00000000a3200000)
 Metaspace       used 57210K, capacity 58876K, committed 59136K, reserved 1099776K
  class space    used 7582K, capacity 7915K, committed 7936K, reserved 1048576K
Event: 42.837 GC heap after
Heap after GC invocations=18 (full 3):
 PSYoungGen      total 150528K, used 0K [0x00000000e0000000, 0x00000000ecb80000, 0x0000000100000000)
  eden space 133632K, 0% used [0x00000000e0000000,0x00000000e0000000,0x00000000e8280000)
  from space 16896K, 0% used [0x00000000e8280000,0x00000000e8280000,0x00000000e9300000)
  to   space 17408K, 0% used [0x00000000eba80000,0x00000000eba80000,0x00000000ecb80000)
 ParOldGen       total 88576K, used 36166K [0x00000000a0000000, 0x00000000a5680000, 0x00000000e0000000)
  object space 88576K, 40% used [0x00000000a0000000,0x00000000a2351bc8,0x00000000a5680000)
 Metaspace       used 57204K, capacity 58858K, committed 59136K, reserved 1099776K
  class space    used 7580K, capacity 7912K, committed 7936K, reserved 1048576K
}

