# JRE version: OpenJDK Runtime Environment (8.0_112-b06) (build 1.8.0_112-release-b06)
# Java VM: OpenJDK 64-Bit Server VM (25.112-b06 mixed mode windows-amd64 compressed oops)
Heap:
 PSYoungGen      total 278528K, used 100527K [0x00000000e0000000, 0x00000000f3480000, 0x0000000100000000)
  eden space 257536K, 31% used [0x00000000e0000000,0x00000000e4ee5448,0x00000000efb80000)
  from space 20992K, 94% used [0x00000000f2000000,0x00000000f3346b30,0x00000000f3480000)
  to   space 29184K, 0% used [0x00000000efb80000,0x00000000efb80000,0x00000000f1800000)
 ParOldGen       total 104448K, used 51671K [0x00000000a0000000, 0x00000000a6600000, 0x00000000e0000000)
  object space 104448K, 49% used [0x00000000a0000000,0x00000000a3275e78,0x00000000a6600000)
 Metaspace       used 66284K, capacity 68944K, committed 69120K, reserved 1110016K
  class space    used 8652K, capacity 9195K, committed 9216K, reserved 1048576K
GC Heap History (10 events):
Event: 29.918 GC heap before
{Heap before GC invocations=11 (full 2):
 PSYoungGen      total 159744K, used 147456K [0x00000000e0000000, 0x00000000eec00000, 0x0000000100000000)
  eden space 147456K, 100% used [0x00000000e0000000,0x00000000e9000000,0x00000000e9000000)
  from space 12288K, 0% used [0x00000000e9c00000,0x00000000e9c00000,0x00000000ea800000)
  to   space 12288K, 0% used [0x00000000e9000000,0x00000000e9000000,0x00000000e9c00000)
 ParOldGen       total 53248K, used 14966K [0x00000000a0000000, 0x00000000a3400000, 0x00000000e0000000)
  object space 53248K, 28% used [0x00000000a0000000,0x00000000a0e9dba8,0x00000000a3400000)
 Metaspace       used 43249K, capacity 44172K, committed 44288K, reserved 1087488K
  class space    used 5792K, capacity 6034K, committed 6144K, reserved 1048576K
Event: 29.958 GC heap after
Heap after GC invocations=11 (full 2):
 PSYoungGen      total 159744K, used 12277K [0x00000000e0000000, 0x00000000ee280000, 0x0000000100000000)
  eden space 147456K, 0% used [0x00000000e0000000,0x00000000e0000000,0x00000000e9000000)
  from space 12288K, 99% used [0x00000000e9000000,0x00000000e9bfd6c8,0x00000000e9c00000)
  to   space 14336K, 0% used [0x00000000ed480000,0x00000000ed480000,0x00000000ee280000)
 ParOldGen       total 53248K, used 15429K [0x00000000a0000000, 0x00000000a3400000, 0x00000000e0000000)
  object space 53248K, 28% used [0x00000000a0000000,0x00000000a0f11738,0x00000000a3400000)
 Metaspace       used 43249K, capacity 44172K, committed 44288K, reserved 1087488K
  class space    used 5792K, capacity 6034K, committed 6144K, reserved 1048576K
}
Event: 35.292 GC heap before
{Heap before GC invocations=12 (full 2):
 PSYoungGen      total 159744K, used 159733K [0x00000000e0000000, 0x00000000ee280000, 0x0000000100000000)
  eden space 147456K, 100% used [0x00000000e0000000,0x00000000e9000000,0x00000000e9000000)
  from space 12288K, 99% used [0x00000000e9000000,0x00000000e9bfd6c8,0x00000000e9c00000)
  to   space 14336K, 0% used [0x00000000ed480000,0x00000000ed480000,0x00000000ee280000)
 ParOldGen       total 53248K, used 15429K [0x00000000a0000000, 0x00000000a3400000, 0x00000000e0000000)
  object space 53248K, 28% used [0x00000000a0000000,0x00000000a0f11738,0x00000000a3400000)
 Metaspace       used 49818K, capacity 51486K, committed 51840K, reserved 1093632K
  class space    used 6791K, capacity 7191K, committed 7296K, reserved 1048576K
Event: 35.411 GC heap after
Heap after GC invocations=12 (full 2):
 PSYoungGen      total 212480K, used 14304K [0x00000000e0000000, 0x00000000eec80000, 0x0000000100000000)
  eden space 198144K, 0% used [0x00000000e0000000,0x00000000e0000000,0x00000000ec180000)
  from space 14336K, 99% used [0x00000000ed480000,0x00000000ee2781f8,0x00000000ee280000)
  to   space 19456K, 0% used [0x00000000ec180000,0x00000000ec180000,0x00000000ed480000)
 ParOldGen       total 53248K, used 24019K [0x00000000a0000000, 0x00000000a3400000, 0x00000000e0000000)
  object space 53248K, 45% used [0x00000000a0000000,0x00000000a1774e10,0x00000000a3400000)
 Metaspace       used 49818K, capacity 51486K, committed 51840K, reserved 1093632K
  class space    used 6791K, capacity 7191K, committed 7296K, reserved 1048576K
}
Event: 62.516 GC heap before
{Heap before GC invocations=13 (full 2):
 PSYoungGen      total 212480K, used 208517K [0x00000000e0000000, 0x00000000eec80000, 0x0000000100000000)
  eden space 198144K, 98% used [0x00000000e0000000,0x00000000ebda95c8,0x00000000ec180000)
  from space 14336K, 99% used [0x00000000ed480000,0x00000000ee2781f8,0x00000000ee280000)
  to   space 19456K, 0% used [0x00000000ec180000,0x00000000ec180000,0x00000000ed480000)
 ParOldGen       total 53248K, used 24019K [0x00000000a0000000, 0x00000000a3400000, 0x00000000e0000000)
  object space 53248K, 45% used [0x00000000a0000000,0x00000000a1774e10,0x00000000a3400000)
 Metaspace       used 56601K, capacity 58978K, committed 59028K, reserved 1099776K
  class space    used 7639K, capacity 8156K, committed 8192K, reserved 1048576K
Event: 62.646 GC heap after
Heap after GC invocations=13 (full 2):
 PSYoungGen      total 217600K, used 19424K [0x00000000e0000000, 0x00000000f3b00000, 0x0000000100000000)
  eden space 198144K, 0% used [0x00000000e0000000,0x00000000e0000000,0x00000000ec180000)
  from space 19456K, 99% used [0x00000000ec180000,0x00000000ed478020,0x00000000ed480000)
  to   space 27648K, 0% used [0x00000000f2000000,0x00000000f2000000,0x00000000f3b00000)
 ParOldGen       total 53248K, used 38660K [0x00000000a0000000, 0x00000000a3400000, 0x00000000e0000000)
  object space 53248K, 72% used [0x00000000a0000000,0x00000000a25c13b8,0x00000000a3400000)
 Metaspace       used 56601K, capacity 58978K, committed 59028K, reserved 1099776K
  class space    used 7639K, capacity 8156K, committed 8192K, reserved 1048576K
}
Event: 62.647 GC heap before
{Heap before GC invocations=14 (full 3):
 PSYoungGen      total 217600K, used 19424K [0x00000000e0000000, 0x00000000f3b00000, 0x0000000100000000)
  eden space 198144K, 0% used [0x00000000e0000000,0x00000000e0000000,0x00000000ec180000)
  from space 19456K, 99% used [0x00000000ec180000,0x00000000ed478020,0x00000000ed480000)
  to   space 27648K, 0% used [0x00000000f2000000,0x00000000f2000000,0x00000000f3b00000)
 ParOldGen       total 53248K, used 38660K [0x00000000a0000000, 0x00000000a3400000, 0x00000000e0000000)
  object space 53248K, 72% used [0x00000000a0000000,0x00000000a25c13b8,0x00000000a3400000)
 Metaspace       used 56601K, capacity 58978K, committed 59028K, reserved 1099776K
  class space    used 7639K, capacity 8156K, committed 8192K, reserved 1048576K
Event: 63.199 GC heap after
Heap after GC invocations=14 (full 3):
 PSYoungGen      total 217600K, used 0K [0x00000000e0000000, 0x00000000f3b00000, 0x0000000100000000)
  eden space 198144K, 0% used [0x00000000e0000000,0x00000000e0000000,0x00000000ec180000)
  from space 19456K, 0% used [0x00000000ec180000,0x00000000ec180000,0x00000000ed480000)
  to   space 27648K, 0% used [0x00000000f2000000,0x00000000f2000000,0x00000000f3b00000)
 ParOldGen       total 104448K, used 51655K [0x00000000a0000000, 0x00000000a6600000, 0x00000000e0000000)
  object space 104448K, 49% used [0x00000000a0000000,0x00000000a3271e78,0x00000000a6600000)
 Metaspace       used 56601K, capacity 58978K, committed 59028K, reserved 1099776K
  class space    used 7639K, capacity 8156K, committed 8192K, reserved 1048576K
}
Event: 720.930 GC heap before
{Heap before GC invocations=15 (full 3):
 PSYoungGen      total 217600K, used 198144K [0x00000000e0000000, 0x00000000f3b00000, 0x0000000100000000)
  eden space 198144K, 100% used [0x00000000e0000000,0x00000000ec180000,0x00000000ec180000)
  from space 19456K, 0% used [0x00000000ec180000,0x00000000ec180000,0x00000000ed480000)
  to   space 27648K, 0% used [0x00000000f2000000,0x00000000f2000000,0x00000000f3b00000)
 ParOldGen       total 104448K, used 51655K [0x00000000a0000000, 0x00000000a6600000, 0x00000000e0000000)
  object space 104448K, 49% used [0x00000000a0000000,0x00000000a3271e78,0x00000000a6600000)
 Metaspace       used 62919K, capacity 65550K, committed 65792K, reserved 1105920K
  class space    used 8384K, capacity 8898K, committed 8960K, reserved 1048576K
Event: 721.009 GC heap after
Heap after GC invocations=15 (full 3):
 PSYoungGen      total 278528K, used 19738K [0x00000000e0000000, 0x00000000f3480000, 0x0000000100000000)
  eden space 257536K, 0% used [0x00000000e0000000,0x00000000e0000000,0x00000000efb80000)
  from space 20992K, 94% used [0x00000000f2000000,0x00000000f3346b30,0x00000000f3480000)
  to   space 29184K, 0% used [0x00000000efb80000,0x00000000efb80000,0x00000000f1800000)
 ParOldGen       total 104448K, used 51671K [0x00000000a0000000, 0x00000000a6600000, 0x00000000e0000000)
  object space 104448K, 49% used [0x00000000a0000000,0x00000000a3275e78,0x00000000a6600000)
 Metaspace       used 62919K, capacity 65550K, committed 65792K, reserved 1105920K
  class space    used 8384K, capacity 8898K, committed 8960K, reserved 1048576K
}

